<?xml version="1.0" encoding="UTF-8"?>
<!DOCTYPE suite SYSTEM "https://testng.org/testng-1.0.dtd">

<suite name="Railways">
<parameter name="browser" value="chrome"></parameter>
    <test name="Practice Selenium level 1">
        <classes>
            <class name="testcases.TestCases">
                <methods>
                    <include name="TC002"/>
                </methods>
            </class>
        </classes>
    </test>
</suite>